<?xml version="1.0" encoding="UTF-8"?>
<!-- Generated by org.testng.reporters.JUnitReportReporter -->
<testsuite skipped="0" hostname="HuPan-PC" name="com.toprank.autoTest.testCase.HelloAppium2" tests="1" failures="0" timestamp="11 四月 2017 08:19:21 GMT" time="48.816" errors="0">
  <testcase name="runCase" time="48.816" classname="com.toprank.autoTest.testCase.HelloAppium2"/>
</testsuite> <!-- com.toprank.autoTest.testCase.HelloAppium2 -->
