<?xml version="1.0" encoding="UTF-8"?>
<!-- Generated by org.testng.reporters.JUnitReportReporter -->
<testsuite skipped="0" hostname="HuPan-PC" name="com.toprank.autoTest.testCase.HelloAppium" tests="1" failures="0" timestamp="06 四月 2017 07:21:26 GMT" time="45.918" errors="0">
  <testcase name="runCase" time="45.918" classname="com.toprank.autoTest.testCase.HelloAppium"/>
</testsuite> <!-- com.toprank.autoTest.testCase.HelloAppium -->
